<?xml version="1.0" encoding="UTF-8"?>
<testsuite name="service.TeamServiceTest" tests="7" skipped="0" failures="0" errors="0" timestamp="2025-11-18T13:16:23.048Z" hostname="LUCY" time="0.15">
  <properties/>
  <testcase name="Próba przypisania pracownika będącego już w zespole powinna rzucić wyjątek" classname="service.TeamServiceTest" time="0.021"/>
  <testcase name="Transfer pracownika powinien poprawnie przenieść go między zespołami (Atomowość operacji)" classname="service.TeamServiceTest" time="0.015"/>
  <testcase name="Demonstracja użycia matcherów biblioteki Hamcrest" classname="service.TeamServiceTest" time="0.096"/>
  <testcase name="Przypisanie pracownika do zespołu powinno ustanowić relację dwukierunkową" classname="service.TeamServiceTest" time="0.001"/>
  <testcase name="Weryfikacja różnorodności powinna zwrócić true, jeśli w zespole znajduje się Manager" classname="service.TeamServiceTest" time="0.003"/>
  <testcase name="Weryfikacja różnorodności (Compliance) powinna zwrócić false dla zespołu bez Managera" classname="service.TeamServiceTest" time="0.002"/>
  <testcase name="Próba dodania pracownika do pełnego zespołu (Max 5) powinna rzucić wyjątek" classname="service.TeamServiceTest" time="0.005"/>
  <system-out><![CDATA[]]></system-out>
  <system-err><![CDATA[]]></system-err>
</testsuite>
