<?xml version="1.0" encoding="UTF-8"?>
<testsuite name="service.PromotionServiceTest" tests="10" skipped="0" failures="0" errors="0" timestamp="2025-11-18T13:16:22.810Z" hostname="LUCY" time="0.144">
  <properties/>
  <testcase name="Podwyżka 10% dla pensji 10000 powinna skutkować kwotą 11000.00" classname="service.PromotionServiceTest" time="0.038"/>
  <testcase name="Podwyżka 5.5% dla pensji 12000 powinna skutkować kwotą 12660.00" classname="service.PromotionServiceTest" time="0.003"/>
  <testcase name="Podwyżka 0% dla pensji 5000 powinna skutkować kwotą 5000.00" classname="service.PromotionServiceTest" time="0.002"/>
  <testcase name="Awans z Managera na MANAGER powinien być zablokowany" classname="service.PromotionServiceTest" time="0.022"/>
  <testcase name="Awans z Managera na PROGRAMISTA powinien być zablokowany" classname="service.PromotionServiceTest" time="0.002"/>
  <testcase name="Awans z Managera na STAZYSTA powinien być zablokowany" classname="service.PromotionServiceTest" time="0.001"/>
  <testcase name="Awans ze Stażysty na Programistę powinien zaktualizować stanowisko i zresetować pensję do bazy" classname="service.PromotionServiceTest" time="0.013"/>
  <testcase name="Podwyżka nie powinna przekroczyć maksymalnych widełek płacowych dla danego stanowiska" classname="service.PromotionServiceTest" time="0.006"/>
  <testcase name="Próba udzielenia ujemnej podwyżki powinna rzucić wyjątek walidacji" classname="service.PromotionServiceTest" time="0.003"/>
  <testcase name="Próba awansu na to samo lub niższe stanowisko powinna skutkować wyjątkiem" classname="service.PromotionServiceTest" time="0.005"/>
  <system-out><![CDATA[]]></system-out>
  <system-err><![CDATA[]]></system-err>
</testsuite>
