<?xml version="1.0" encoding="UTF-8"?>
<testsuite name="service.RatingServiceTest" tests="11" skipped="0" failures="0" errors="0" timestamp="2025-11-18T16:03:11.183Z" hostname="LUCY" time="0.125">
  <properties/>
  <testcase name="Obliczanie średniej oceny powinno zwrócić poprawną wartość arytmetyczną" classname="service.RatingServiceTest" time="0.007"/>
  <testcase name="Dodanie nowej oceny (1-5) powinno poprawnie zaktualizować historię ocen pracownika" classname="service.RatingServiceTest" time="0.016"/>
  <testcase name="Próba dodania oceny -5 powinna skutkować wyjątkiem walidacji" classname="service.RatingServiceTest" time="0.01"/>
  <testcase name="Próba dodania oceny 0 powinna skutkować wyjątkiem walidacji" classname="service.RatingServiceTest" time="0.002"/>
  <testcase name="Próba dodania oceny 6 powinna skutkować wyjątkiem walidacji" classname="service.RatingServiceTest" time="0.002"/>
  <testcase name="Próba dodania oceny 100 powinna skutkować wyjątkiem walidacji" classname="service.RatingServiceTest" time="0.003"/>
  <testcase name="Dla listy ocen [5, 5, 5] średnia powinna wynosić 5.0" classname="service.RatingServiceTest" time="0.003"/>
  <testcase name="Dla listy ocen [1, 2, 3] średnia powinna wynosić 2.0" classname="service.RatingServiceTest" time="0.001"/>
  <testcase name="Dla listy ocen [1, 5] średnia powinna wynosić 3.0" classname="service.RatingServiceTest" time="0.002"/>
  <testcase name="Dla listy ocen [4] średnia powinna wynosić 4.0" classname="service.RatingServiceTest" time="0.002"/>
  <testcase name="Obliczanie średniej dla pracownika bez historii ocen powinno zwrócić 0.0" classname="service.RatingServiceTest" time="0.002"/>
  <system-out><![CDATA[]]></system-out>
  <system-err><![CDATA[]]></system-err>
</testsuite>
