<?xml version="1.0" encoding="UTF-8"?>
<testsuite name="model.PositionTest" tests="5" skipped="0" failures="0" errors="0" timestamp="2025-11-17T18:39:25.778Z" hostname="LUCY" time="0.046">
  <properties/>
  <testcase name="[1] PREZES, 25000, 1" classname="model.PositionTest" time="0.038"/>
  <testcase name="[2] WICEPREZES, 18000, 2" classname="model.PositionTest" time="0.001"/>
  <testcase name="[3] MANAGER, 12000, 3" classname="model.PositionTest" time="0.001"/>
  <testcase name="[4] PROGRAMISTA, 8000, 4" classname="model.PositionTest" time="0.0"/>
  <testcase name="[5] STAZYSTA, 3000, 5" classname="model.PositionTest" time="0.001"/>
  <system-out><![CDATA[]]></system-out>
  <system-err><![CDATA[]]></system-err>
</testsuite>
