<?xml version="1.0" encoding="UTF-8"?>
<testsuite name="service.EmployeeServiceTest" tests="13" skipped="0" failures="0" errors="0" timestamp="2025-11-17T18:39:25.830Z" hostname="LUCY" time="0.02">
  <properties/>
  <testcase name="Sortowanie po imieniu powinno zwrócić listę w kolejności alfabetycznej" classname="service.EmployeeServiceTest" time="0.002"/>
  <testcase name="Wyszukiwanie po firmie powinno zwrócić poprawną listę" classname="service.EmployeeServiceTest" time="0.002"/>
  <testcase name="Wyszukiwanie po firmie (case-insensitive) powinno działać" classname="service.EmployeeServiceTest" time="0.001"/>
  <testcase name="Zliczanie po stanowisku powinno zwrócić poprawne liczby" classname="service.EmployeeServiceTest" time="0.001"/>
  <testcase name="Statystyki firmy powinny być obliczone poprawnie" classname="service.EmployeeServiceTest" time="0.002"/>
  <testcase name="Grupowanie po stanowisku powinno działać poprawnie" classname="service.EmployeeServiceTest" time="0.0"/>
  <testcase name="Próba dodania pracownika z tym samym emailem powinna zwrócić false" classname="service.EmployeeServiceTest" time="0.0"/>
  <testcase name="Pracownik z najwyższą pensją powinien być znaleziony" classname="service.EmployeeServiceTest" time="0.001"/>
  <testcase name="Średnia pensja powinna być obliczona poprawnie" classname="service.EmployeeServiceTest" time="0.0"/>
  <testcase name="Dodanie nowego pracownika powinno zwrócić true" classname="service.EmployeeServiceTest" time="0.001"/>
  <testcase name="Wyszukiwanie nieistniejącej firmy powinno zwrócić pustą listę" classname="service.EmployeeServiceTest" time="0.0"/>
  <testcase name="Operacje na pustym serwisie nie powinny rzucać błędów" classname="service.EmployeeServiceTest" time="0.005"/>
  <testcase name="Walidacja pensji powinna znaleźć pracowników poniżej bazy" classname="service.EmployeeServiceTest" time="0.0"/>
  <system-out><![CDATA[]]></system-out>
  <system-err><![CDATA[]]></system-err>
</testsuite>
