<?xml version="1.0" encoding="UTF-8"?>
<testsuite name="model.PositionTest" tests="5" skipped="0" failures="0" errors="0" timestamp="2025-11-18T13:02:40.759Z" hostname="LUCY" time="0.149">
  <properties/>
  <testcase name="[1] PREZES, 25000, 1" classname="model.PositionTest" time="0.112"/>
  <testcase name="[2] WICEPREZES, 18000, 2" classname="model.PositionTest" time="0.002"/>
  <testcase name="[3] MANAGER, 12000, 3" classname="model.PositionTest" time="0.003"/>
  <testcase name="[4] PROGRAMISTA, 8000, 4" classname="model.PositionTest" time="0.002"/>
  <testcase name="[5] STAZYSTA, 3000, 5" classname="model.PositionTest" time="0.002"/>
  <system-out><![CDATA[]]></system-out>
  <system-err><![CDATA[]]></system-err>
</testsuite>
